<?xml version="1.0" encoding="UTF-8"?>
<!-- Generated by org.testng.reporters.JUnitXMLReporter -->
<testsuite ignored="0" hostname="BLR-REG-338464" failures="1" tests="1" name="FinanceModTest(failed)" time="0.01" errors="0" timestamp="2025-01-19T11:57:46 IST">
  <testcase classname="com.stackroute.demoproject.Auto01Test" name="testAdd" time="0.003">
    <failure type="java.lang.AssertionError" message="expected [true] but found [false]">
      <![CDATA[java.lang.AssertionError: expected [true] but found [false]
at com.stackroute.demoproject.Auto01Test.testAdd(Auto01Test.java:19)
at java.base/java.util.ArrayList.forEach(ArrayList.java:1511)
... Removed 31 stack frames]]>
    </failure>
  </testcase> <!-- testAdd -->
</testsuite> <!-- FinanceModTest(failed) -->
