<?xml version="1.0" encoding="UTF-8"?>
<!-- Generated by org.testng.reporters.JUnitXMLReporter -->
<testsuite ignored="1" hostname="BLR-REG-338464" failures="1" tests="2" name="HRModTest" time="0.052" errors="0" timestamp="2025-01-19T11:59:59 IST">
  <testcase classname="com.stackroute.demoproject.Auto01Test" name="testSub" time="0.012">
    <failure type="java.lang.AssertionError" message="expected [true] but found [false]">
      <![CDATA[java.lang.AssertionError: expected [true] but found [false]
at com.stackroute.demoproject.Auto01Test.testSub(Auto01Test.java:27)
at java.base/java.util.ArrayList.forEach(ArrayList.java:1511)
... Removed 31 stack frames]]>
    </failure>
  </testcase> <!-- testSub -->
  <testcase classname="com.stackroute.demoproject.Auto02Test" name="testAdd" time="0.002"/>
  <testcase classname="com.stackroute.demoproject.Auto01Test" name="testAdd" time="0.0">
    <ignored/>
  </testcase> <!-- testAdd -->
</testsuite> <!-- HRModTest -->
